<?xml version="1.0" encoding="UTF-8"?>
<!-- Generated by org.testng.reporters.JUnitXMLReporter -->
<testsuite ignored="2" hostname="SANJAI" failures="0" tests="1" name="Default test" time="302.757" errors="0" timestamp="2021-08-27T16:36:36 IST">
  <testcase classname="TestNG.assertCall" name="CreateOpportunity" time="90.09"/>
  <testcase classname="TestNG.assertCall" name="withsave" time="0.0">
    <ignored/>
  </testcase> <!-- withsave -->
  <testcase classname="TestNG.assertCall" name="withoutsave" time="0.0">
    <ignored/>
  </testcase> <!-- withoutsave -->
</testsuite> <!-- Default test -->
