<?xml version="1.0" encoding="UTF-8"?>
<!-- Generated by org.testng.reporters.JUnitXMLReporter -->
<testsuite ignored="2" hostname="SANJAI" failures="1" tests="1" name="Test" time="1.028" errors="0" timestamp="2021-08-25T00:54:48 IST">
  <testcase classname="TestNG.NewTestTest" name="CreateOpportunity" time="0.94">
    <failure type="java.lang.NullPointerException" message="Cannot invoke &amp;quot;org.openqa.selenium.SearchContext.findElement(org.openqa.selenium.By)&amp;quot; because &amp;quot;this.searchContext&amp;quot; is null">
      <![CDATA[java.lang.NullPointerException: Cannot invoke "org.openqa.selenium.SearchContext.findElement(org.openqa.selenium.By)" because "this.searchContext" is null
at org.openqa.selenium.support.pagefactory.DefaultElementLocator.findElement(DefaultElementLocator.java:69)
at org.openqa.selenium.support.pagefactory.internal.LocatingElementHandler.invoke(LocatingElementHandler.java:38)
at jdk.proxy2/jdk.proxy2.$Proxy16.click(Unknown Source)
at TestNG.NewTestTest.CreateOpportunity(NewTestTest.java:25)
at java.base/java.util.ArrayList.forEach(ArrayList.java:1511)
... Removed 27 stack frames]]>
    </failure>
  </testcase> <!-- CreateOpportunity -->
  <testcase classname="TestNG.NewTestTest" name="withsave" time="0.0">
    <ignored/>
  </testcase> <!-- withsave -->
  <testcase classname="TestNG.NewTestTest" name="withoutsave" time="0.0">
    <ignored/>
  </testcase> <!-- withoutsave -->
</testsuite> <!-- Test -->
