<?xml version="1.0" encoding="UTF-8"?>
<testng-results ignored="2" total="3" passed="1" failed="0" skipped="0">
  <reporter-output>
  </reporter-output>
  <suite started-at="2021-08-27T16:31:33 IST" name="Default suite" finished-at="2021-08-27T16:36:36 IST" duration-ms="302757">
    <groups>
      <group name="SmokeTesting">
        <method signature="assertCall.CreateOpportunity()[pri:0, instance:TestNG.assertCall@25641d39]" name="CreateOpportunity" class="TestNG.assertCall"/>
      </group> <!-- SmokeTesting -->
    </groups>
    <test started-at="2021-08-27T16:31:33 IST" name="Default test" finished-at="2021-08-27T16:36:36 IST" duration-ms="302757">
      <class name="TestNG.assertCall">
        <test-method is-config="true" signature="configBS()[pri:0, instance:TestNG.assertCall@25641d39]" started-at="2021-08-27T16:31:33 IST" name="configBS" finished-at="2021-08-27T16:31:33 IST" duration-ms="17" status="PASS">
          <reporter-output>
          </reporter-output>
        </test-method> <!-- configBS -->
        <test-method is-config="true" signature="configBC()[pri:0, instance:TestNG.assertCall@25641d39]" started-at="2021-08-27T16:31:33 IST" name="configBC" finished-at="2021-08-27T16:33:05 IST" duration-ms="92533" status="PASS">
          <reporter-output>
          </reporter-output>
        </test-method> <!-- configBC -->
        <test-method is-config="true" signature="configBM()[pri:0, instance:TestNG.assertCall@25641d39]" started-at="2021-08-27T16:33:05 IST" name="configBM" finished-at="2021-08-27T16:34:51 IST" duration-ms="105819" status="PASS">
          <reporter-output>
          </reporter-output>
        </test-method> <!-- configBM -->
        <test-method signature="CreateOpportunity()[pri:0, instance:TestNG.assertCall@25641d39]" started-at="2021-08-27T16:34:51 IST" name="CreateOpportunity" finished-at="2021-08-27T16:36:21 IST" duration-ms="90090" status="PASS">
          <reporter-output>
          </reporter-output>
        </test-method> <!-- CreateOpportunity -->
        <test-method is-config="true" signature="configAM()[pri:0, instance:TestNG.assertCall@25641d39]" started-at="2021-08-27T16:36:21 IST" name="configAM" finished-at="2021-08-27T16:36:29 IST" duration-ms="7990" status="PASS">
          <reporter-output>
          </reporter-output>
        </test-method> <!-- configAM -->
        <test-method is-config="true" signature="configAC()[pri:0, instance:TestNG.assertCall@25641d39]" started-at="2021-08-27T16:36:29 IST" name="configAC" finished-at="2021-08-27T16:36:36 IST" duration-ms="6191" status="PASS">
          <reporter-output>
          </reporter-output>
        </test-method> <!-- configAC -->
        <test-method is-config="true" signature="configAS()[pri:0, instance:TestNG.assertCall@25641d39]" started-at="2021-08-27T16:36:36 IST" name="configAS" finished-at="2021-08-27T16:36:36 IST" duration-ms="1" status="PASS">
          <reporter-output>
          </reporter-output>
        </test-method> <!-- configAS -->
      </class> <!-- TestNG.assertCall -->
    </test> <!-- Default test -->
  </suite> <!-- Default suite -->
</testng-results>
